SF:src/juliaEnvTest3.jl
LH:0
LF:0
end_of_record
SF:src/sample/graph.jl
DA:13,0
DA:14,0
DA:15,0
DA:16,0
DA:26,0
DA:27,0
DA:28,0
DA:29,0
DA:39,0
DA:40,0
DA:41,0
DA:42,0
DA:43,0
DA:44,0
DA:45,0
DA:46,0
DA:56,0
DA:57,0
DA:58,0
DA:68,0
DA:69,0
DA:76,0
DA:91,0
DA:92,0
DA:93,0
DA:103,0
DA:104,0
DA:105,0
DA:106,0
DA:107,0
DA:108,0
DA:109,0
DA:110,0
DA:111,0
DA:112,0
DA:113,0
DA:123,0
DA:124,0
DA:125,0
DA:126,0
DA:136,0
DA:137,0
DA:138,0
DA:139,0
DA:149,0
DA:150,0
DA:151,0
DA:161,0
DA:162,0
DA:163,0
DA:164,0
DA:180,0
DA:181,0
DA:182,0
DA:192,0
DA:193,0
DA:194,0
DA:195,0
DA:205,0
DA:206,0
DA:207,0
DA:217,0
DA:218,0
DA:219,0
DA:220,0
DA:221,0
DA:222,0
LH:0
LF:67
end_of_record
SF:src/sample/sampleMod.jl
DA:20,2
DA:21,2
DA:24,0
DA:25,0
LH:2
LF:4
end_of_record
SF:src/sample2/sampleMod2.jl
DA:3,1
DA:4,1
DA:7,0
DA:8,0
LH:2
LF:4
end_of_record
